2018/03/14 15:31:27.597 [I] [main.go:42] beego run. 
2018/03/14 15:31:27.612 [I] [asm_amd64.s:2361] http server Running on http://:8000
2018/03/14 15:31:40.266 [D] [server.go:2694] ::1 - - [14/Mar/2018 03:31:40] "GET /static/css/style.css HTTP/1.1 304 0" 0.002755 http://localhost:8000/ Mozilla/5.0 (Macintosh; Intel Mac OS X 10_13_2) AppleWebKit/537.36 (KHTML, like Gecko) Chrome/64.0.3282.186 Safari/537.36

2018/03/14 15:31:52.303 [D] [server.go:2694] ::1 - - [14/Mar/2018 03:31:52] "GET / HTTP/1.1 200 0" 0.013584 http://localhost:8000/ Mozilla/5.0 (Macintosh; Intel Mac OS X 10_13_2) AppleWebKit/537.36 (KHTML, like Gecko) Chrome/64.0.3282.186 Safari/537.36

2018/03/14 15:31:52.487 [D] [server.go:2694] ::1 - - [14/Mar/2018 03:31:52] "GET /static/img/searchicon.png HTTP/1.1 304 0" 0.001091 http://localhost:8000/ Mozilla/5.0 (Macintosh; Intel Mac OS X 10_13_2) AppleWebKit/537.36 (KHTML, like Gecko) Chrome/64.0.3282.186 Safari/537.36

2018/03/14 15:31:52.512 [D] [server.go:2694] ::1 - - [14/Mar/2018 03:31:52] "GET /static/js/jquery.min.js HTTP/1.1 304 0" 0.017097 http://localhost:8000/ Mozilla/5.0 (Macintosh; Intel Mac OS X 10_13_2) AppleWebKit/537.36 (KHTML, like Gecko) Chrome/64.0.3282.186 Safari/537.36

2018/03/14 15:31:52.527 [D] [server.go:2694] ::1 - - [14/Mar/2018 03:31:52] "GET /static/js/lazyload.min.js HTTP/1.1 304 0" 0.000894 http://localhost:8000/ Mozilla/5.0 (Macintosh; Intel Mac OS X 10_13_2) AppleWebKit/537.36 (KHTML, like Gecko) Chrome/64.0.3282.186 Safari/537.36

2018/03/14 15:31:52.552 [D] [server.go:2694] ::1 - - [14/Mar/2018 03:31:52] "GET /static/js/open_link.js HTTP/1.1 304 0" 0.014234 http://localhost:8000/ Mozilla/5.0 (Macintosh; Intel Mac OS X 10_13_2) AppleWebKit/537.36 (KHTML, like Gecko) Chrome/64.0.3282.186 Safari/537.36

2018/03/14 15:31:52.581 [D] [server.go:2694] ::1 - - [14/Mar/2018 03:31:52] "GET /static/js/index.js HTTP/1.1 304 0" 0.000986 http://localhost:8000/ Mozilla/5.0 (Macintosh; Intel Mac OS X 10_13_2) AppleWebKit/537.36 (KHTML, like Gecko) Chrome/64.0.3282.186 Safari/537.36

2018/03/14 15:31:52.593 [D] [server.go:2694] ::1 - - [14/Mar/2018 03:31:52] "GET /static/img/theinitium.png HTTP/1.1 304 0" 0.000703 http://localhost:8000/ Mozilla/5.0 (Macintosh; Intel Mac OS X 10_13_2) AppleWebKit/537.36 (KHTML, like Gecko) Chrome/64.0.3282.186 Safari/537.36

2018/03/14 15:31:52.602 [D] [server.go:2694] ::1 - - [14/Mar/2018 03:31:52] "GET /static/img/grey.gif HTTP/1.1 304 0" 0.000756 http://localhost:8000/ Mozilla/5.0 (Macintosh; Intel Mac OS X 10_13_2) AppleWebKit/537.36 (KHTML, like Gecko) Chrome/64.0.3282.186 Safari/537.36

2018/03/14 15:31:52.613 [D] [server.go:2694] ::1 - - [14/Mar/2018 03:31:52] "GET /static/img/wikipedia.png HTTP/1.1 304 0" 0.002499 http://localhost:8000/ Mozilla/5.0 (Macintosh; Intel Mac OS X 10_13_2) AppleWebKit/537.36 (KHTML, like Gecko) Chrome/64.0.3282.186 Safari/537.36

2018/03/14 15:31:52.642 [D] [server.go:2694] ::1 - - [14/Mar/2018 03:31:52] "GET /static/img/behance.png HTTP/1.1 304 0" 0.000661 http://localhost:8000/ Mozilla/5.0 (Macintosh; Intel Mac OS X 10_13_2) AppleWebKit/537.36 (KHTML, like Gecko) Chrome/64.0.3282.186 Safari/537.36

2018/03/14 15:31:52.649 [D] [server.go:2694] ::1 - - [14/Mar/2018 03:31:52] "GET /static/img/sinaweibo.png HTTP/1.1 304 0" 0.000835 http://localhost:8000/ Mozilla/5.0 (Macintosh; Intel Mac OS X 10_13_2) AppleWebKit/537.36 (KHTML, like Gecko) Chrome/64.0.3282.186 Safari/537.36

2018/03/14 15:31:52.663 [D] [server.go:2694] ::1 - - [14/Mar/2018 03:31:52] "GET /static/img/taobao.png HTTP/1.1 304 0" 0.000422 http://localhost:8000/ Mozilla/5.0 (Macintosh; Intel Mac OS X 10_13_2) AppleWebKit/537.36 (KHTML, like Gecko) Chrome/64.0.3282.186 Safari/537.36

2018/03/14 15:31:52.674 [D] [server.go:2694] ::1 - - [14/Mar/2018 03:31:52] "GET /static/img/googleimage.png HTTP/1.1 304 0" 0.000756 http://localhost:8000/ Mozilla/5.0 (Macintosh; Intel Mac OS X 10_13_2) AppleWebKit/537.36 (KHTML, like Gecko) Chrome/64.0.3282.186 Safari/537.36

2018/03/14 15:31:52.681 [D] [server.go:2694] ::1 - - [14/Mar/2018 03:31:52] "GET /static/img/stackoverflow.png HTTP/1.1 304 0" 0.000459 http://localhost:8000/ Mozilla/5.0 (Macintosh; Intel Mac OS X 10_13_2) AppleWebKit/537.36 (KHTML, like Gecko) Chrome/64.0.3282.186 Safari/537.36

2018/03/14 15:31:52.689 [D] [server.go:2694] ::1 - - [14/Mar/2018 03:31:52] "GET /static/img/appstore.png HTTP/1.1 304 0" 0.000771 http://localhost:8000/ Mozilla/5.0 (Macintosh; Intel Mac OS X 10_13_2) AppleWebKit/537.36 (KHTML, like Gecko) Chrome/64.0.3282.186 Safari/537.36

2018/03/14 15:31:52.698 [D] [server.go:2694] ::1 - - [14/Mar/2018 03:31:52] "GET /static/img/xiami.png HTTP/1.1 304 0" 0.000884 http://localhost:8000/ Mozilla/5.0 (Macintosh; Intel Mac OS X 10_13_2) AppleWebKit/537.36 (KHTML, like Gecko) Chrome/64.0.3282.186 Safari/537.36

2018/03/14 15:31:52.796 [D] [server.go:2694] ::1 - - [14/Mar/2018 03:31:52] "GET /static/img/youtube.png HTTP/1.1 304 0" 0.000455 http://localhost:8000/ Mozilla/5.0 (Macintosh; Intel Mac OS X 10_13_2) AppleWebKit/537.36 (KHTML, like Gecko) Chrome/64.0.3282.186 Safari/537.36

2018/03/14 15:31:52.802 [D] [server.go:2694] ::1 - - [14/Mar/2018 03:31:52] "GET /static/img/steam.png HTTP/1.1 304 0" 0.000559 http://localhost:8000/ Mozilla/5.0 (Macintosh; Intel Mac OS X 10_13_2) AppleWebKit/537.36 (KHTML, like Gecko) Chrome/64.0.3282.186 Safari/537.36

2018/03/14 15:31:52.808 [D] [server.go:2694] ::1 - - [14/Mar/2018 03:31:52] "GET /static/img/doubanmovie.png HTTP/1.1 304 0" 0.000713 http://localhost:8000/ Mozilla/5.0 (Macintosh; Intel Mac OS X 10_13_2) AppleWebKit/537.36 (KHTML, like Gecko) Chrome/64.0.3282.186 Safari/537.36

2018/03/14 15:31:52.813 [D] [server.go:2694] ::1 - - [14/Mar/2018 03:31:52] "GET /static/img/doubanbook.png HTTP/1.1 304 0" 0.000538 http://localhost:8000/ Mozilla/5.0 (Macintosh; Intel Mac OS X 10_13_2) AppleWebKit/537.36 (KHTML, like Gecko) Chrome/64.0.3282.186 Safari/537.36

2018/03/14 15:31:52.820 [D] [server.go:2694] ::1 - - [14/Mar/2018 03:31:52] "GET /static/img/googlemaps.png HTTP/1.1 304 0" 0.000516 http://localhost:8000/ Mozilla/5.0 (Macintosh; Intel Mac OS X 10_13_2) AppleWebKit/537.36 (KHTML, like Gecko) Chrome/64.0.3282.186 Safari/537.36

2018/03/14 15:31:52.829 [D] [server.go:2694] ::1 - - [14/Mar/2018 03:31:52] "GET /static/img/baidu.png HTTP/1.1 304 0" 0.000474 http://localhost:8000/ Mozilla/5.0 (Macintosh; Intel Mac OS X 10_13_2) AppleWebKit/537.36 (KHTML, like Gecko) Chrome/64.0.3282.186 Safari/537.36

2018/03/14 15:31:52.834 [D] [server.go:2694] ::1 - - [14/Mar/2018 03:31:52] "GET /static/img/verge.png HTTP/1.1 304 0" 0.000694 http://localhost:8000/ Mozilla/5.0 (Macintosh; Intel Mac OS X 10_13_2) AppleWebKit/537.36 (KHTML, like Gecko) Chrome/64.0.3282.186 Safari/537.36

2018/03/14 15:31:52.841 [D] [server.go:2694] ::1 - - [14/Mar/2018 03:31:52] "GET /static/img/googletrans.png HTTP/1.1 304 0" 0.000502 http://localhost:8000/ Mozilla/5.0 (Macintosh; Intel Mac OS X 10_13_2) AppleWebKit/537.36 (KHTML, like Gecko) Chrome/64.0.3282.186 Safari/537.36

2018/03/14 15:31:52.850 [D] [server.go:2694] ::1 - - [14/Mar/2018 03:31:52] "GET /static/img/urbandictionary.png HTTP/1.1 304 0" 0.000414 http://localhost:8000/ Mozilla/5.0 (Macintosh; Intel Mac OS X 10_13_2) AppleWebKit/537.36 (KHTML, like Gecko) Chrome/64.0.3282.186 Safari/537.36

2018/03/14 15:31:52.860 [D] [server.go:2694] ::1 - - [14/Mar/2018 03:31:52] "GET /static/img/9gag.png HTTP/1.1 304 0" 0.000668 http://localhost:8000/ Mozilla/5.0 (Macintosh; Intel Mac OS X 10_13_2) AppleWebKit/537.36 (KHTML, like Gecko) Chrome/64.0.3282.186 Safari/537.36

2018/03/14 15:31:52.866 [D] [server.go:2694] ::1 - - [14/Mar/2018 03:31:52] "GET /static/img/ifttt.png HTTP/1.1 304 0" 0.000724 http://localhost:8000/ Mozilla/5.0 (Macintosh; Intel Mac OS X 10_13_2) AppleWebKit/537.36 (KHTML, like Gecko) Chrome/64.0.3282.186 Safari/537.36

2018/03/14 15:31:53.499 [D] [server.go:2694] ::1 - - [14/Mar/2018 03:31:53] "GET /static/img/more.png HTTP/1.1 304 0" 0.000601 http://localhost:8000/ Mozilla/5.0 (Macintosh; Intel Mac OS X 10_13_2) AppleWebKit/537.36 (KHTML, like Gecko) Chrome/64.0.3282.186 Safari/537.36

2018/03/14 15:32:06.468 [D] [server.go:2694] ::1 - - [14/Mar/2018 03:32:06] "GET / HTTP/1.1 200 0" 0.009937 http://localhost:8000/ Mozilla/5.0 (Macintosh; Intel Mac OS X 10_13_2) AppleWebKit/537.36 (KHTML, like Gecko) Chrome/64.0.3282.186 Safari/537.36

2018/03/14 15:32:28.963 [D] [server.go:2694] ::1 - - [14/Mar/2018 03:32:28] "GET / HTTP/1.1 200 0" 0.019614 http://localhost:8000/ Mozilla/5.0 (Macintosh; Intel Mac OS X 10_13_2) AppleWebKit/537.36 (KHTML, like Gecko) Chrome/64.0.3282.186 Safari/537.36

2018/03/14 15:32:44.238 [I] [default.go:34] zh-CN 
2018/03/14 15:32:44.239 [I] [default.go:65] [Default]set cookie:  en_US localhost 
2018/03/14 15:32:44.245 [D] [server.go:2694] ::1 - - [14/Mar/2018 03:32:44] "GET / HTTP/1.1 200 0" 0.007591 http://localhost:8000/ Mozilla/5.0 (Macintosh; Intel Mac OS X 10_13_2) AppleWebKit/537.36 (KHTML, like Gecko) Chrome/64.0.3282.186 Safari/537.36

2018/03/14 15:33:35.601 [I] [main.go:42] beego run. 
2018/03/14 15:33:35.624 [I] [asm_amd64.s:2361] http server Running on http://:8000
2018/03/14 15:33:35.966 [I] [default.go:58] [Default]set cookie:  en-US localhost 
2018/03/14 15:33:35.975 [D] [server.go:2694] ::1 - - [14/Mar/2018 03:33:35] "GET / HTTP/1.1 200 0" 0.008852 http://localhost:8000/ Mozilla/5.0 (Macintosh; Intel Mac OS X 10_13_2) AppleWebKit/537.36 (KHTML, like Gecko) Chrome/64.0.3282.186 Safari/537.36

2018/03/14 15:35:56.916 [I] [main.go:42] beego run. 
2018/03/14 15:35:56.929 [I] [asm_amd64.s:2361] http server Running on http://:8000
2018/03/14 15:36:16.389 [I] [main.go:42] beego run. 
2018/03/14 15:36:16.408 [I] [asm_amd64.s:2361] http server Running on http://:8000
2018/03/14 15:36:35.866 [I] [default.go:34] zh-CN 
2018/03/14 15:36:35.867 [I] [default.go:65] [Default]set cookie:  zh-CN localhost 
2018/03/14 15:36:35.872 [D] [server.go:2694] ::1 - - [14/Mar/2018 03:36:35] "GET / HTTP/1.1 200 0" 0.005965 http://localhost:8000/ Mozilla/5.0 (Macintosh; Intel Mac OS X 10_13_2) AppleWebKit/537.36 (KHTML, like Gecko) Chrome/64.0.3282.186 Safari/537.36

2018/03/14 15:36:56.744 [I] [default.go:65] [Default]set cookie:  en_US localhost 
2018/03/14 15:36:56.744 [D] [server.go:2694] ::1 - - [14/Mar/2018 03:36:56] "GET /?lang=en_US HTTP/1.1 302 0" 0.000491 http://localhost:8000/ Mozilla/5.0 (Macintosh; Intel Mac OS X 10_13_2) AppleWebKit/537.36 (KHTML, like Gecko) Chrome/64.0.3282.186 Safari/537.36

2018/03/14 15:36:56.758 [D] [server.go:2694] ::1 - - [14/Mar/2018 03:36:56] "GET / HTTP/1.1 200 0" 0.005436 http://localhost:8000/ Mozilla/5.0 (Macintosh; Intel Mac OS X 10_13_2) AppleWebKit/537.36 (KHTML, like Gecko) Chrome/64.0.3282.186 Safari/537.36

2018/03/14 15:36:58.879 [D] [server.go:2694] ::1 - - [14/Mar/2018 03:36:58] "GET /static/img/163news.png HTTP/1.1 304 0" 0.000835 http://localhost:8000/ Mozilla/5.0 (Macintosh; Intel Mac OS X 10_13_2) AppleWebKit/537.36 (KHTML, like Gecko) Chrome/64.0.3282.186 Safari/537.36

2018/03/14 15:36:58.911 [D] [server.go:2694] ::1 - - [14/Mar/2018 03:36:58] "GET /static/img/qqnews.png HTTP/1.1 304 0" 0.000688 http://localhost:8000/ Mozilla/5.0 (Macintosh; Intel Mac OS X 10_13_2) AppleWebKit/537.36 (KHTML, like Gecko) Chrome/64.0.3282.186 Safari/537.36

2018/03/14 15:36:58.996 [D] [server.go:2694] ::1 - - [14/Mar/2018 03:36:58] "GET /static/img/cnn.png HTTP/1.1 304 0" 0.000851 http://localhost:8000/ Mozilla/5.0 (Macintosh; Intel Mac OS X 10_13_2) AppleWebKit/537.36 (KHTML, like Gecko) Chrome/64.0.3282.186 Safari/537.36

2018/03/14 15:36:59.043 [D] [server.go:2694] ::1 - - [14/Mar/2018 03:36:59] "GET /static/img/bbcnews.png HTTP/1.1 304 0" 0.001149 http://localhost:8000/ Mozilla/5.0 (Macintosh; Intel Mac OS X 10_13_2) AppleWebKit/537.36 (KHTML, like Gecko) Chrome/64.0.3282.186 Safari/537.36

2018/03/14 15:37:04.920 [D] [server.go:2694] ::1 - - [14/Mar/2018 03:37:04] "GET / HTTP/1.1 200 0" 0.008842 http://localhost:8000/ Mozilla/5.0 (Macintosh; Intel Mac OS X 10_13_2) AppleWebKit/537.36 (KHTML, like Gecko) Chrome/64.0.3282.186 Safari/537.36

2018/03/14 15:38:03.658 [I] [main.go:42] beego run. 
2018/03/14 15:38:03.679 [I] [asm_amd64.s:2361] http server Running on http://:8000
2018/03/14 15:38:06.387 [I] [main.go:42] beego run. 
2018/03/14 15:38:06.398 [I] [asm_amd64.s:2361] http server Running on http://:8000
2018/03/14 15:38:09.541 [I] [default.go:34] zh-CN 
2018/03/14 15:38:09.541 [I] [default.go:65] [Default]set cookie:  zh-CN localhost 
2018/03/14 15:38:09.547 [D] [server.go:2694] ::1 - - [14/Mar/2018 03:38:09] "GET / HTTP/1.1 200 0" 0.005815 http://localhost:8000/ Mozilla/5.0 (Macintosh; Intel Mac OS X 10_13_2) AppleWebKit/537.36 (KHTML, like Gecko) Chrome/64.0.3282.186 Safari/537.36

2018/03/14 15:38:14.568 [I] [default.go:65] [Default]set cookie:  en-US localhost 
2018/03/14 15:38:14.568 [D] [server.go:2694] ::1 - - [14/Mar/2018 03:38:14] "GET /?lang=en-US HTTP/1.1 302 0" 0.000181 http://localhost:8000/ Mozilla/5.0 (Macintosh; Intel Mac OS X 10_13_2) AppleWebKit/537.36 (KHTML, like Gecko) Chrome/64.0.3282.186 Safari/537.36

2018/03/14 15:38:14.581 [D] [server.go:2694] ::1 - - [14/Mar/2018 03:38:14] "GET / HTTP/1.1 200 0" 0.003469 http://localhost:8000/ Mozilla/5.0 (Macintosh; Intel Mac OS X 10_13_2) AppleWebKit/537.36 (KHTML, like Gecko) Chrome/64.0.3282.186 Safari/537.36

2018/03/14 15:38:17.902 [I] [default.go:65] [Default]set cookie:  zh-CN localhost 
2018/03/14 15:38:17.902 [D] [server.go:2694] ::1 - - [14/Mar/2018 03:38:17] "GET /?lang=zh-CN HTTP/1.1 302 0" 0.000194 http://localhost:8000/ Mozilla/5.0 (Macintosh; Intel Mac OS X 10_13_2) AppleWebKit/537.36 (KHTML, like Gecko) Chrome/64.0.3282.186 Safari/537.36

2018/03/14 15:38:17.917 [D] [server.go:2694] ::1 - - [14/Mar/2018 03:38:17] "GET / HTTP/1.1 200 0" 0.003508 http://localhost:8000/ Mozilla/5.0 (Macintosh; Intel Mac OS X 10_13_2) AppleWebKit/537.36 (KHTML, like Gecko) Chrome/64.0.3282.186 Safari/537.36

2018/03/14 15:38:21.578 [D] [server.go:2694] ::1 - - [14/Mar/2018 03:38:21] "GET / HTTP/1.1 200 0" 0.004503 http://localhost:8000/ Mozilla/5.0 (Macintosh; Intel Mac OS X 10_13_2) AppleWebKit/537.36 (KHTML, like Gecko) Chrome/64.0.3282.186 Safari/537.36

2018/03/14 15:39:28.372 [I] [main.go:42] beego run. 
2018/03/14 15:39:28.393 [I] [asm_amd64.s:2361] http server Running on http://:8000
